<?xml version="1.0" encoding="UTF-8"?>
<coverage generated="1654650101722" clover="3.2.0">
  <project timestamp="1654650101722" name="All files">
    <metrics statements="17" coveredstatements="13" conditionals="4" coveredconditionals="0" methods="7" coveredmethods="5" elements="28" coveredelements="18" complexity="0" loc="17" ncloc="17" packages="1" files="4" classes="4"/>
    <file name="calc.js" path="C:\Microverse Projects\Javascript Module\Jest\calc.js">
      <metrics statements="9" coveredstatements="9" conditionals="0" coveredconditionals="0" methods="4" coveredmethods="4"/>
      <line num="3" count="1" type="stmt"/>
      <line num="4" count="3" type="stmt"/>
      <line num="7" count="1" type="stmt"/>
      <line num="8" count="3" type="stmt"/>
      <line num="11" count="1" type="stmt"/>
      <line num="12" count="3" type="stmt"/>
      <line num="15" count="1" type="stmt"/>
      <line num="16" count="3" type="stmt"/>
      <line num="22" count="1" type="stmt"/>
    </file>
    <file name="capitalize.js" path="C:\Microverse Projects\Javascript Module\Jest\capitalize.js">
      <metrics statements="2" coveredstatements="1" conditionals="0" coveredconditionals="0" methods="1" coveredmethods="0"/>
      <line num="2" count="0" type="stmt"/>
      <line num="5" count="1" type="stmt"/>
    </file>
    <file name="task1.js" path="C:\Microverse Projects\Javascript Module\Jest\task1.js">
      <metrics statements="4" coveredstatements="1" conditionals="4" coveredconditionals="0" methods="1" coveredmethods="0"/>
      <line num="2" count="0" type="stmt"/>
      <line num="3" count="0" type="cond" truecount="0" falsecount="4"/>
      <line num="4" count="0" type="stmt"/>
      <line num="8" count="1" type="stmt"/>
    </file>
    <file name="task2.js" path="C:\Microverse Projects\Javascript Module\Jest\task2.js">
      <metrics statements="2" coveredstatements="2" conditionals="0" coveredconditionals="0" methods="1" coveredmethods="1"/>
      <line num="2" count="1" type="stmt"/>
      <line num="5" count="1" type="stmt"/>
    </file>
  </project>
</coverage>
