{"C:\\Microverse Projects\\Javascript Module\\Jest\\calc.js": {"path":"C:\\Microverse Projects\\Javascript Module\\Jest\\calc.js","statementMap":{"0":{"start":{"line":3,"column":17},"end":{"line":5,"column":6}},"1":{"start":{"line":4,"column":8},"end":{"line":4,"column":20}},"2":{"start":{"line":7,"column":23},"end":{"line":9,"column":6}},"3":{"start":{"line":8,"column":8},"end":{"line":8,"column":20}},"4":{"start":{"line":11,"column":21},"end":{"line":13,"column":6}},"5":{"start":{"line":12,"column":9},"end":{"line":12,"column":21}},"6":{"start":{"line":15,"column":23},"end":{"line":17,"column":6}},"7":{"start":{"line":16,"column":9},"end":{"line":16,"column":21}},"8":{"start":{"line":22,"column":0},"end":{"line":22,"column":28}}},"fnMap":{"0":{"name":"(anonymous_0)","decl":{"start":{"line":3,"column":17},"end":{"line":3,"column":18}},"loc":{"start":{"line":3,"column":27},"end":{"line":5,"column":6}},"line":3},"1":{"name":"(anonymous_1)","decl":{"start":{"line":7,"column":23},"end":{"line":7,"column":24}},"loc":{"start":{"line":7,"column":33},"end":{"line":9,"column":6}},"line":7},"2":{"name":"(anonymous_2)","decl":{"start":{"line":11,"column":21},"end":{"line":11,"column":22}},"loc":{"start":{"line":11,"column":31},"end":{"line":13,"column":6}},"line":11},"3":{"name":"(anonymous_3)","decl":{"start":{"line":15,"column":23},"end":{"line":15,"column":24}},"loc":{"start":{"line":15,"column":33},"end":{"line":17,"column":6}},"line":15}},"branchMap":{},"s":{"0":1,"1":3,"2":1,"3":3,"4":1,"5":3,"6":1,"7":3,"8":1},"f":{"0":3,"1":3,"2":3,"3":3},"b":{},"_coverageSchema":"1a1c01bbd47fc00a2c39e90264f33305004495a9","hash":"f3639be23b373d3ab55bb19a22b9103c3d7e1f5c"}
,"C:\\Microverse Projects\\Javascript Module\\Jest\\capitalize.js": {"path":"C:\\Microverse Projects\\Javascript Module\\Jest\\capitalize.js","statementMap":{"0":{"start":{"line":2,"column":3},"end":{"line":2,"column":74}},"1":{"start":{"line":5,"column":4},"end":{"line":5,"column":32}}},"fnMap":{"0":{"name":"capitalize","decl":{"start":{"line":1,"column":9},"end":{"line":1,"column":19}},"loc":{"start":{"line":1,"column":28},"end":{"line":3,"column":5}},"line":1}},"branchMap":{},"s":{"0":0,"1":1},"f":{"0":0},"b":{},"_coverageSchema":"1a1c01bbd47fc00a2c39e90264f33305004495a9","hash":"713232f20c1544bef40df4aa9cb7e5364b121a99"}
,"C:\\Microverse Projects\\Javascript Module\\Jest\\task1.js": {"path":"C:\\Microverse Projects\\Javascript Module\\Jest\\task1.js","statementMap":{"0":{"start":{"line":2,"column":0},"end":{"line":2,"column":13}},"1":{"start":{"line":3,"column":4},"end":{"line":5,"column":5}},"2":{"start":{"line":4,"column":8},"end":{"line":4,"column":28}},"3":{"start":{"line":8,"column":0},"end":{"line":8,"column":24}}},"fnMap":{"0":{"name":"length","decl":{"start":{"line":1,"column":9},"end":{"line":1,"column":15}},"loc":{"start":{"line":1,"column":24},"end":{"line":6,"column":1}},"line":1}},"branchMap":{"0":{"loc":{"start":{"line":3,"column":4},"end":{"line":5,"column":5}},"type":"if","locations":[{"start":{"line":3,"column":4},"end":{"line":5,"column":5}},{"start":{},"end":{}}],"line":3},"1":{"loc":{"start":{"line":3,"column":8},"end":{"line":3,"column":52}},"type":"binary-expr","locations":[{"start":{"line":3,"column":9},"end":{"line":3,"column":26}},{"start":{"line":3,"column":32},"end":{"line":3,"column":51}}],"line":3}},"s":{"0":0,"1":0,"2":0,"3":1},"f":{"0":0},"b":{"0":[0,0],"1":[0,0]},"_coverageSchema":"1a1c01bbd47fc00a2c39e90264f33305004495a9","hash":"d1f44354ca5d02fa693ebbcffcbba03c1b0f8d59"}
,"C:\\Microverse Projects\\Javascript Module\\Jest\\task2.js": {"path":"C:\\Microverse Projects\\Javascript Module\\Jest\\task2.js","statementMap":{"0":{"start":{"line":2,"column":3},"end":{"line":2,"column":40}},"1":{"start":{"line":5,"column":0},"end":{"line":5,"column":25}}},"fnMap":{"0":{"name":"reverse","decl":{"start":{"line":1,"column":9},"end":{"line":1,"column":16}},"loc":{"start":{"line":1,"column":25},"end":{"line":3,"column":1}},"line":1}},"branchMap":{},"s":{"0":1,"1":1},"f":{"0":1},"b":{},"_coverageSchema":"1a1c01bbd47fc00a2c39e90264f33305004495a9","hash":"e492d9f39f8d96894d5c1acb285f744eb704ec2c"}
}
