TN:
SF:calc.js
FN:3,(anonymous_0)
FN:7,(anonymous_1)
FN:11,(anonymous_2)
FN:15,(anonymous_3)
FNF:4
FNH:4
FNDA:3,(anonymous_0)
FNDA:3,(anonymous_1)
FNDA:3,(anonymous_2)
FNDA:3,(anonymous_3)
DA:3,1
DA:4,3
DA:7,1
DA:8,3
DA:11,1
DA:12,3
DA:15,1
DA:16,3
DA:22,1
LF:9
LH:9
BRF:0
BRH:0
end_of_record
TN:
SF:capitalize.js
FN:1,capitalize
FNF:1
FNH:0
FNDA:0,capitalize
DA:2,0
DA:5,1
LF:2
LH:1
BRF:0
BRH:0
end_of_record
TN:
SF:task1.js
FN:1,length
FNF:1
FNH:0
FNDA:0,length
DA:2,0
DA:3,0
DA:4,0
DA:8,1
LF:4
LH:1
BRDA:3,0,0,0
BRDA:3,0,1,0
BRDA:3,1,0,0
BRDA:3,1,1,0
BRF:4
BRH:0
end_of_record
TN:
SF:task2.js
FN:1,reverse
FNF:1
FNH:1
FNDA:1,reverse
DA:2,1
DA:5,1
LF:2
LH:2
BRF:0
BRH:0
end_of_record
